<?xml version="1.0" encoding="UTF-8"?>
<!-- Generated by org.testng.reporters.JUnitReportReporter -->
<testsuite hostname="AILT-100247" failures="0" tests="1" name="com.spectrumTestRunner.UserControl" time="14.269" errors="0" timestamp="2024-06-20T15:46:55 IST" skipped="0">
  <testcase classname="com.spectrumTestRunner.UserControl" name="usercontrolactivity" time="14.269"/>
  <system-out/>
</testsuite> <!-- com.spectrumTestRunner.UserControl -->
