<?xml version="1.0" encoding="UTF-8"?>
<!-- Generated by org.testng.reporters.JUnitReportReporter -->
<testsuite hostname="AILT-100247" failures="0" tests="1" name="com.spectrumTestRunner.UserCreation" time="34.288" errors="0" timestamp="2024-06-20T11:17:16 IST" skipped="0">
  <testcase classname="com.spectrumTestRunner.UserCreation" name="userenable" time="34.288"/>
  <system-out/>
</testsuite> <!-- com.spectrumTestRunner.UserCreation -->
