<?xml version="1.0" encoding="UTF-8"?>
<!-- Generated by org.testng.reporters.JUnitReportReporter -->
<testsuite hostname="AILT-100247" failures="0" tests="1" name="com.spectrumMastersTestRunner.UnitOfMeasure" time="45.293" errors="0" timestamp="2024-06-24T15:01:06 IST" skipped="0">
  <testcase classname="com.spectrumMastersTestRunner.UnitOfMeasure" name="uomenable" time="45.293"/>
  <system-out/>
</testsuite> <!-- com.spectrumMastersTestRunner.UnitOfMeasure -->
