<?xml version="1.0" encoding="UTF-8"?>
<!-- Generated by org.testng.reporters.JUnitReportReporter -->
<testsuite hostname="AILT-100247" failures="0" tests="1" name="com.spectrumMastersTestRunner.StateMaster" time="44.086" errors="0" timestamp="2024-06-24T16:02:06 IST" skipped="0">
  <testcase classname="com.spectrumMastersTestRunner.StateMaster" name="stateenable" time="44.086"/>
  <system-out/>
</testsuite> <!-- com.spectrumMastersTestRunner.StateMaster -->
