<?xml version="1.0" encoding="UTF-8"?>
<!-- Generated by org.testng.reporters.JUnitReportReporter -->
<testsuite hostname="AILT-100247" failures="0" tests="1" name="com.spectrumTestRunner.MenuBasedRole" time="59.664" errors="0" timestamp="2024-06-21T11:51:20 IST" skipped="0">
  <testcase classname="com.spectrumTestRunner.MenuBasedRole" name="menubased" time="59.664"/>
  <system-out/>
</testsuite> <!-- com.spectrumTestRunner.MenuBasedRole -->
