<?xml version="1.0" encoding="UTF-8"?>
<!-- Generated by org.testng.reporters.JUnitReportReporter -->
<testsuite hostname="AILT-100247" failures="0" tests="1" name="com.spectrumTestRunner.PasswordPolicy" time="55.378" errors="0" timestamp="2024-06-20T17:58:05 IST" skipped="0">
  <testcase classname="com.spectrumTestRunner.PasswordPolicy" name="passwordpolicyy" time="55.378"/>
  <system-out/>
</testsuite> <!-- com.spectrumTestRunner.PasswordPolicy -->
